<?xml version="1.0" encoding="UTF-8"?>
<!-- Generated by org.testng.reporters.JUnitReportReporter -->
<testsuite skipped="0" hostname="veena-PC" name="com.practice.jenkins.May12.Test1" tests="1" failures="0" timestamp="13 May 2018 10:30:41 GMT" time="48.690" errors="0">
  <testcase name="testLogin" time="48.690" classname="com.practice.jenkins.May12.Test1"/>
</testsuite> <!-- com.practice.jenkins.May12.Test1 -->
