<?xml version="1.0" encoding="UTF-8"?>
<!-- Generated by org.testng.reporters.JUnitReportReporter -->
<testsuite skipped="0" hostname="veena-PC" name="com.practice.jenkins.May12.Test1" tests="1" failures="0" timestamp="13 May 2018 11:09:32 GMT" time="54.558" errors="0">
  <testcase name="testLogin" time="54.558" classname="com.practice.jenkins.May12.Test1"/>
</testsuite> <!-- com.practice.jenkins.May12.Test1 -->
