<?xml version="1.0" encoding="UTF-8"?>
<!-- Generated by org.testng.reporters.JUnitReportReporter -->
<testsuite skipped="0" hostname="veena-PC" name="com.practice.jenkins.May12.Test2" tests="1" failures="0" timestamp="13 May 2018 11:09:32 GMT" time="22.135" errors="0">
  <testcase name="test2" time="22.135" classname="com.practice.jenkins.May12.Test2"/>
</testsuite> <!-- com.practice.jenkins.May12.Test2 -->
