<?xml version="1.0" encoding="UTF-8"?>
<!-- Generated by org.testng.reporters.JUnitReportReporter -->
<testsuite skipped="0" hostname="veena-PC" name="com.practice.jenkins.May12.Test1" tests="1" failures="0" timestamp="12 May 2018 18:28:24 GMT" time="48.686" errors="0">
  <testcase name="testLogin" time="48.686" classname="com.practice.jenkins.May12.Test1"/>
</testsuite> <!-- com.practice.jenkins.May12.Test1 -->
